build/app/intermediates/manifest_merge_blame_file/release/manifest-merger-blame-release-report.txt
1<?xml version="1.0" encoding="utf-8"?>
2<manifest xmlns:android="http://schemas.android.com/apk/res/android"
3    package="com.example.winx"
4    android:versionCode="1"
5    android:versionName="1.0.0" >
6
7    <uses-sdk
8        android:minSdkVersion="16"
8-->src/main/AndroidManifest.xml
9        android:targetSdkVersion="28" />
9-->src/main/AndroidManifest.xml
10    <!--
11         io.flutter.app.FlutterApplication is an android.app.Application that
12         calls FlutterMain.startInitialization(this); in its onCreate method.
13         In most cases you can leave this as-is, but you if you want to provide
14         additional functionality it is fine to subclass or reimplement
15         FlutterApplication and put your custom class here.
16    -->
17    <uses-permission android:name="android.permission.INTERNET" />
17-->src/main/AndroidManifest.xml:8:5-66
17-->src/main/AndroidManifest.xml:8:22-64
18    <uses-permission android:name="android.permission.READ_EXTERNAL_STORAGE" />
18-->[:image_picker] AndroidManifest.xml:7:5-80
18-->[:image_picker] AndroidManifest.xml:7:22-77
19    <uses-permission android:name="android.permission.WRITE_EXTERNAL_STORAGE" />
19-->[:image_picker] AndroidManifest.xml:8:5-81
19-->[:image_picker] AndroidManifest.xml:8:22-78
20    <uses-permission android:name="android.permission.ACCESS_NETWORK_STATE" />
20-->[com.google.android.gms:play-services-measurement:17.2.2] AndroidManifest.xml:24:5-79
20-->[com.google.android.gms:play-services-measurement:17.2.2] AndroidManifest.xml:24:22-76
21    <uses-permission android:name="android.permission.WAKE_LOCK" />
21-->[com.google.android.gms:play-services-measurement:17.2.2] AndroidManifest.xml:25:5-68
21-->[com.google.android.gms:play-services-measurement:17.2.2] AndroidManifest.xml:25:22-65
22    <uses-permission android:name="com.google.android.finsky.permission.BIND_GET_INSTALL_REFERRER_SERVICE" /> <!-- Required by older versions of Google Play services to create IID tokens -->
22-->[com.google.android.gms:play-services-measurement:17.2.2] AndroidManifest.xml:26:5-110
22-->[com.google.android.gms:play-services-measurement:17.2.2] AndroidManifest.xml:26:22-107
23    <uses-permission android:name="com.google.android.c2dm.permission.RECEIVE" />
23-->[com.google.firebase:firebase-iid:20.0.2] AndroidManifest.xml:26:5-82
23-->[com.google.firebase:firebase-iid:20.0.2] AndroidManifest.xml:26:22-79
24
25    <application
25-->src/main/AndroidManifest.xml:9:5-65:19
26        android:name="io.flutter.app.FlutterApplication"
26-->src/main/AndroidManifest.xml:10:9-57
27        android:appComponentFactory="androidx.core.app.CoreComponentFactory"
27-->[androidx.core:core:1.1.0] AndroidManifest.xml:24:18-86
28        android:icon="@mipmap/ic_launcher"
28-->src/main/AndroidManifest.xml:12:9-43
29        android:label="winx" >
29-->src/main/AndroidManifest.xml:11:9-29
30        <activity
30-->src/main/AndroidManifest.xml:13:9-41:20
31            android:name="com.example.winx.MainActivity"
31-->src/main/AndroidManifest.xml:14:13-41
32            android:configChanges="orientation|keyboardHidden|keyboard|screenSize|smallestScreenSize|locale|layoutDirection|fontScale|screenLayout|density|uiMode"
32-->src/main/AndroidManifest.xml:17:13-163
33            android:hardwareAccelerated="true"
33-->src/main/AndroidManifest.xml:18:13-47
34            android:launchMode="singleTop"
34-->src/main/AndroidManifest.xml:15:13-43
35            android:theme="@style/LaunchTheme"
35-->src/main/AndroidManifest.xml:16:13-47
36            android:windowSoftInputMode="adjustResize" >
36-->src/main/AndroidManifest.xml:19:13-55
37
38            <!--
39                 Specifies an Android theme to apply to this Activity as soon as
40                 the Android process has started. This theme is visible to the user
41                 while the Flutter UI initializes. After that, this theme continues
42                 to determine the Window background behind the Flutter UI.
43            -->
44            <meta-data
44-->src/main/AndroidManifest.xml:24:13-27:17
45                android:name="io.flutter.embedding.android.NormalTheme"
45-->src/main/AndroidManifest.xml:25:15-70
46                android:resource="@style/NormalTheme" />
46-->src/main/AndroidManifest.xml:26:15-52
47            <!--
48                 Displays an Android View that continues showing the launch screen
49                 Drawable until Flutter paints its first frame, then this splash
50                 screen fades out. A splash screen is useful to avoid any visual
51                 gap between the end of Android's launch screen and the painting of
52                 Flutter's first frame.
53            -->
54            <meta-data
54-->src/main/AndroidManifest.xml:33:13-36:17
55                android:name="io.flutter.embedding.android.SplashScreenDrawable"
55-->src/main/AndroidManifest.xml:34:15-79
56                android:resource="@drawable/launch_background" />
56-->src/main/AndroidManifest.xml:35:15-61
57
58            <intent-filter>
58-->src/main/AndroidManifest.xml:37:13-40:29
59                <action android:name="android.intent.action.MAIN" />
59-->src/main/AndroidManifest.xml:38:17-68
59-->src/main/AndroidManifest.xml:38:25-66
60
61                <category android:name="android.intent.category.LAUNCHER" />
61-->src/main/AndroidManifest.xml:39:17-76
61-->src/main/AndroidManifest.xml:39:27-74
62            </intent-filter>
63        </activity>
64        <!--
65             Don't delete the meta-data below.
66             This is used by the Flutter tool to generate GeneratedPluginRegistrant.java
67        -->
68        <meta-data
68-->src/main/AndroidManifest.xml:44:15-45:52
69            android:name="com.facebook.sdk.ApplicationId"
69-->src/main/AndroidManifest.xml:44:26-71
70            android:value="@string/facebook_app_id" />
70-->src/main/AndroidManifest.xml:45:11-50
71
72        <activity
72-->src/main/AndroidManifest.xml:47:7-50:46
73            android:name="com.facebook.FacebookActivity"
73-->src/main/AndroidManifest.xml:47:17-61
74            android:configChanges="keyboard|keyboardHidden|screenLayout|screenSize|orientation"
74-->src/main/AndroidManifest.xml:48:11-113
75            android:label="@string/app_name" />
75-->src/main/AndroidManifest.xml:50:11-43
76        <activity
76-->src/main/AndroidManifest.xml:52:7-61:18
77            android:name="com.facebook.CustomTabActivity"
77-->src/main/AndroidManifest.xml:53:11-56
78            android:exported="true" >
78-->src/main/AndroidManifest.xml:54:11-34
79            <intent-filter>
79-->src/main/AndroidManifest.xml:55:11-60:27
80                <action android:name="android.intent.action.VIEW" />
80-->src/main/AndroidManifest.xml:56:15-67
80-->src/main/AndroidManifest.xml:56:23-64
81
82                <category android:name="android.intent.category.DEFAULT" />
82-->src/main/AndroidManifest.xml:57:15-74
82-->src/main/AndroidManifest.xml:57:25-71
83                <category android:name="android.intent.category.BROWSABLE" />
83-->src/main/AndroidManifest.xml:58:15-76
83-->src/main/AndroidManifest.xml:58:25-73
84
85                <data android:scheme="@string/fb_login_protocol_scheme" />
85-->src/main/AndroidManifest.xml:59:15-73
85-->src/main/AndroidManifest.xml:59:21-70
86            </intent-filter>
87        </activity>
88
89        <meta-data
89-->src/main/AndroidManifest.xml:62:9-64:33
90            android:name="flutterEmbedding"
90-->src/main/AndroidManifest.xml:63:13-44
91            android:value="2" />
91-->src/main/AndroidManifest.xml:64:13-30
92
93        <provider
93-->[:image_picker] AndroidManifest.xml:11:9-19:20
94            android:name="io.flutter.plugins.imagepicker.ImagePickerFileProvider"
94-->[:image_picker] AndroidManifest.xml:12:13-82
95            android:authorities="com.example.winx.flutter.image_provider"
95-->[:image_picker] AndroidManifest.xml:13:13-74
96            android:exported="false"
96-->[:image_picker] AndroidManifest.xml:14:13-37
97            android:grantUriPermissions="true" >
97-->[:image_picker] AndroidManifest.xml:15:13-47
98            <meta-data
98-->[:image_picker] AndroidManifest.xml:16:13-18:75
99                android:name="android.support.FILE_PROVIDER_PATHS"
99-->[:image_picker] AndroidManifest.xml:17:17-67
100                android:resource="@xml/flutter_image_picker_file_paths" />
100-->[:image_picker] AndroidManifest.xml:18:17-72
101        </provider>
102
103        <receiver
103-->[com.google.android.gms:play-services-measurement:17.2.2] AndroidManifest.xml:29:9-33:20
104            android:name="com.google.android.gms.measurement.AppMeasurementReceiver"
104-->[com.google.android.gms:play-services-measurement:17.2.2] AndroidManifest.xml:30:13-85
105            android:enabled="true"
105-->[com.google.android.gms:play-services-measurement:17.2.2] AndroidManifest.xml:31:13-35
106            android:exported="false" >
106-->[com.google.android.gms:play-services-measurement:17.2.2] AndroidManifest.xml:32:13-37
107        </receiver>
108        <receiver
108-->[com.google.android.gms:play-services-measurement:17.2.2] AndroidManifest.xml:34:9-42:20
109            android:name="com.google.android.gms.measurement.AppMeasurementInstallReferrerReceiver"
109-->[com.google.android.gms:play-services-measurement:17.2.2] AndroidManifest.xml:35:13-100
110            android:enabled="true"
110-->[com.google.android.gms:play-services-measurement:17.2.2] AndroidManifest.xml:36:13-35
111            android:exported="true"
111-->[com.google.android.gms:play-services-measurement:17.2.2] AndroidManifest.xml:37:13-36
112            android:permission="android.permission.INSTALL_PACKAGES" >
112-->[com.google.android.gms:play-services-measurement:17.2.2] AndroidManifest.xml:38:13-69
113            <intent-filter>
113-->[com.google.android.gms:play-services-measurement:17.2.2] AndroidManifest.xml:39:13-41:29
114                <action android:name="com.android.vending.INSTALL_REFERRER" />
114-->[com.google.android.gms:play-services-measurement:17.2.2] AndroidManifest.xml:40:17-79
114-->[com.google.android.gms:play-services-measurement:17.2.2] AndroidManifest.xml:40:25-76
115            </intent-filter>
116        </receiver>
117
118        <service
118-->[com.google.android.gms:play-services-measurement:17.2.2] AndroidManifest.xml:44:9-47:40
119            android:name="com.google.android.gms.measurement.AppMeasurementService"
119-->[com.google.android.gms:play-services-measurement:17.2.2] AndroidManifest.xml:45:13-84
120            android:enabled="true"
120-->[com.google.android.gms:play-services-measurement:17.2.2] AndroidManifest.xml:46:13-35
121            android:exported="false" />
121-->[com.google.android.gms:play-services-measurement:17.2.2] AndroidManifest.xml:47:13-37
122        <service
122-->[com.google.android.gms:play-services-measurement:17.2.2] AndroidManifest.xml:48:9-52:72
123            android:name="com.google.android.gms.measurement.AppMeasurementJobService"
123-->[com.google.android.gms:play-services-measurement:17.2.2] AndroidManifest.xml:49:13-87
124            android:enabled="true"
124-->[com.google.android.gms:play-services-measurement:17.2.2] AndroidManifest.xml:50:13-35
125            android:exported="false"
125-->[com.google.android.gms:play-services-measurement:17.2.2] AndroidManifest.xml:51:13-37
126            android:permission="android.permission.BIND_JOB_SERVICE" />
126-->[com.google.android.gms:play-services-measurement:17.2.2] AndroidManifest.xml:52:13-69
127        <service
127-->[com.google.android.gms:play-services-measurement-api:17.2.2] AndroidManifest.xml:27:9-33:19
128            android:name="com.google.firebase.components.ComponentDiscoveryService"
128-->[com.google.android.gms:play-services-measurement-api:17.2.2] AndroidManifest.xml:28:13-84
129            android:directBootAware="true"
129-->[com.google.firebase:firebase-common:19.3.0] AndroidManifest.xml:34:13-43
130            android:exported="false" >
130-->[com.google.android.gms:play-services-measurement-api:17.2.2] AndroidManifest.xml:29:13-37
131            <meta-data
131-->[com.google.android.gms:play-services-measurement-api:17.2.2] AndroidManifest.xml:30:13-32:85
132                android:name="com.google.firebase.components:com.google.firebase.analytics.connector.internal.AnalyticsConnectorRegistrar"
132-->[com.google.android.gms:play-services-measurement-api:17.2.2] AndroidManifest.xml:31:17-139
133                android:value="com.google.firebase.components.ComponentRegistrar" />
133-->[com.google.android.gms:play-services-measurement-api:17.2.2] AndroidManifest.xml:32:17-82
134            <meta-data
134-->[com.google.firebase:firebase-iid:20.0.2] AndroidManifest.xml:32:13-34:85
135                android:name="com.google.firebase.components:com.google.firebase.iid.Registrar"
135-->[com.google.firebase:firebase-iid:20.0.2] AndroidManifest.xml:33:17-96
136                android:value="com.google.firebase.components.ComponentRegistrar" />
136-->[com.google.firebase:firebase-iid:20.0.2] AndroidManifest.xml:34:17-82
137        </service>
138
139        <activity
139-->[com.google.android.gms:play-services-auth:16.0.1] AndroidManifest.xml:23:9-27:75
140            android:name="com.google.android.gms.auth.api.signin.internal.SignInHubActivity"
140-->[com.google.android.gms:play-services-auth:16.0.1] AndroidManifest.xml:24:13-93
141            android:excludeFromRecents="true"
141-->[com.google.android.gms:play-services-auth:16.0.1] AndroidManifest.xml:25:13-46
142            android:exported="false"
142-->[com.google.android.gms:play-services-auth:16.0.1] AndroidManifest.xml:26:13-37
143            android:theme="@android:style/Theme.Translucent.NoTitleBar" />
143-->[com.google.android.gms:play-services-auth:16.0.1] AndroidManifest.xml:27:13-72
144        <!--
145            Service handling Google Sign-In user revocation. For apps that do not integrate with
146            Google Sign-In, this service will never be started.
147        -->
148        <service
148-->[com.google.android.gms:play-services-auth:16.0.1] AndroidManifest.xml:33:9-36:110
149            android:name="com.google.android.gms.auth.api.signin.RevocationBoundService"
149-->[com.google.android.gms:play-services-auth:16.0.1] AndroidManifest.xml:34:13-89
150            android:exported="true"
150-->[com.google.android.gms:play-services-auth:16.0.1] AndroidManifest.xml:35:13-36
151            android:permission="com.google.android.gms.auth.api.signin.permission.REVOCATION_NOTIFICATION" />
151-->[com.google.android.gms:play-services-auth:16.0.1] AndroidManifest.xml:36:13-107
152
153        <receiver
153-->[com.google.firebase:firebase-iid:20.0.2] AndroidManifest.xml:37:9-44:20
154            android:name="com.google.firebase.iid.FirebaseInstanceIdReceiver"
154-->[com.google.firebase:firebase-iid:20.0.2] AndroidManifest.xml:38:13-78
155            android:exported="true"
155-->[com.google.firebase:firebase-iid:20.0.2] AndroidManifest.xml:39:13-36
156            android:permission="com.google.android.c2dm.permission.SEND" >
156-->[com.google.firebase:firebase-iid:20.0.2] AndroidManifest.xml:40:13-73
157            <intent-filter>
157-->[com.google.firebase:firebase-iid:20.0.2] AndroidManifest.xml:41:13-43:29
158                <action android:name="com.google.android.c2dm.intent.RECEIVE" />
158-->[com.google.firebase:firebase-iid:20.0.2] AndroidManifest.xml:42:17-81
158-->[com.google.firebase:firebase-iid:20.0.2] AndroidManifest.xml:42:25-78
159            </intent-filter>
160        </receiver>
161
162        <provider
162-->[com.google.firebase:firebase-common:19.3.0] AndroidManifest.xml:26:9-30:39
163            android:name="com.google.firebase.provider.FirebaseInitProvider"
163-->[com.google.firebase:firebase-common:19.3.0] AndroidManifest.xml:27:13-77
164            android:authorities="com.example.winx.firebaseinitprovider"
164-->[com.google.firebase:firebase-common:19.3.0] AndroidManifest.xml:28:13-72
165            android:exported="false"
165-->[com.google.firebase:firebase-common:19.3.0] AndroidManifest.xml:29:13-37
166            android:initOrder="100" />
166-->[com.google.firebase:firebase-common:19.3.0] AndroidManifest.xml:30:13-36
167
168        <activity
168-->[com.google.android.gms:play-services-base:17.0.0] AndroidManifest.xml:23:9-26:75
169            android:name="com.google.android.gms.common.api.GoogleApiActivity"
169-->[com.google.android.gms:play-services-base:17.0.0] AndroidManifest.xml:24:13-79
170            android:exported="false"
170-->[com.google.android.gms:play-services-base:17.0.0] AndroidManifest.xml:25:13-37
171            android:theme="@android:style/Theme.Translucent.NoTitleBar" />
171-->[com.google.android.gms:play-services-base:17.0.0] AndroidManifest.xml:26:13-72
172
173        <meta-data
173-->[com.google.android.gms:play-services-basement:17.0.0] AndroidManifest.xml:23:9-25:69
174            android:name="com.google.android.gms.version"
174-->[com.google.android.gms:play-services-basement:17.0.0] AndroidManifest.xml:24:13-58
175            android:value="@integer/google_play_services_version" />
175-->[com.google.android.gms:play-services-basement:17.0.0] AndroidManifest.xml:25:13-66
176    </application>
177
178</manifest>